[ 2017-04-11T16:32:33+08:00 ] 127.0.0.1 /ourSecret/shop/index.php?m=Home&c=Index&a=hello
ERR: 非法操作:hello

[ 2017-04-11T16:33:01+08:00 ] 127.0.0.1 /ourSecret/shop/index.php?m=Home&c=Index&a=hello
ERR: 非法操作:hello

[ 2017-04-11T16:33:03+08:00 ] 127.0.0.1 /ourSecret/shop/index.php?m=Home&c=Index&a=hello
ERR: 非法操作:hello

[ 2017-04-11T16:44:24+08:00 ] 127.0.0.1 /ourSecret/shop/index.php?m=Home&c=Goods&a=detail
ERR: 非法操作:detail

[ 2017-04-11T16:44:34+08:00 ] 127.0.0.1 /ourSecret/shop/index.php?m=Home&c=Goods&a=detail
ERR: 非法操作:detail

[ 2017-04-11T17:10:06+08:00 ] 127.0.0.1 /ourSecret/shop/index.php?s=/Home/Goods/detail
INFO: [ app_init ] --START--
INFO: [ app_init ] --END-- [ RunTime:0.000713s ]
INFO: [ path_info ] --START--
INFO: [ path_info ] --END-- [ RunTime:0.000068s ]
INFO: [ app_begin ] --START--
INFO: Run Behavior\ReadHtmlCache [ RunTime:0.000108s ]
INFO: [ app_begin ] --END-- [ RunTime:0.000198s ]
INFO: [ action_begin ] --START--
INFO: [ action_begin ] --END-- [ RunTime:0.000068s ]
INFO: [ app_end ] --START--
INFO: Run Behavior\ShowPageTrace [ RunTime:0.000048s ]
INFO: [ app_end ] --END-- [ RunTime:0.000101s ]

[ 2017-04-11T17:12:44+08:00 ] 127.0.0.1 /ourSecret/shop/index.php?s=/Home/User/login
INFO: [ app_init ] --START--
INFO: [ app_init ] --END-- [ RunTime:0.000482s ]
INFO: [ path_info ] --START--
INFO: [ path_info ] --END-- [ RunTime:0.000171s ]
INFO: [ app_begin ] --START--
INFO: Run Behavior\ReadHtmlCache [ RunTime:0.000137s ]
INFO: [ app_begin ] --END-- [ RunTime:0.000232s ]
INFO: [ action_begin ] --START--
INFO: [ action_begin ] --END-- [ RunTime:0.000042s ]
INFO: [ app_end ] --START--
INFO: Run Behavior\ShowPageTrace [ RunTime:0.000048s ]
INFO: [ app_end ] --END-- [ RunTime:0.000106s ]

[ 2017-04-11T17:12:59+08:00 ] 127.0.0.1 /ourSecret/shop/index.php?s=/Home/User/login
INFO: [ app_init ] --START--
INFO: [ app_init ] --END-- [ RunTime:0.000571s ]
INFO: [ path_info ] --START--
INFO: [ path_info ] --END-- [ RunTime:0.000067s ]
INFO: [ app_begin ] --START--
INFO: Run Behavior\ReadHtmlCache [ RunTime:0.000057s ]
INFO: [ app_begin ] --END-- [ RunTime:0.000112s ]
INFO: [ action_begin ] --START--
INFO: [ action_begin ] --END-- [ RunTime:0.000147s ]
INFO: [ app_end ] --START--
INFO: Run Behavior\ShowPageTrace [ RunTime:0.000046s ]
INFO: [ app_end ] --END-- [ RunTime:0.000102s ]

[ 2017-04-11T17:13:00+08:00 ] 127.0.0.1 /ourSecret/shop/index.php?s=/Home/User/login
INFO: [ app_init ] --START--
INFO: [ app_init ] --END-- [ RunTime:0.000349s ]
INFO: [ path_info ] --START--
INFO: [ path_info ] --END-- [ RunTime:0.000030s ]
INFO: [ app_begin ] --START--
INFO: Run Behavior\ReadHtmlCache [ RunTime:0.000055s ]
INFO: [ app_begin ] --END-- [ RunTime:0.000108s ]
INFO: [ action_begin ] --START--
INFO: [ action_begin ] --END-- [ RunTime:0.000033s ]
INFO: [ app_end ] --START--
INFO: Run Behavior\ShowPageTrace [ RunTime:0.000045s ]
INFO: [ app_end ] --END-- [ RunTime:0.000097s ]

[ 2017-04-11T17:13:07+08:00 ] 127.0.0.1 /ourSecret/shop/index.php?s=/Home/User/login
INFO: [ app_init ] --START--
INFO: [ app_init ] --END-- [ RunTime:0.000359s ]
INFO: [ path_info ] --START--
INFO: [ path_info ] --END-- [ RunTime:0.000038s ]
INFO: [ app_begin ] --START--
INFO: Run Behavior\ReadHtmlCache [ RunTime:0.000065s ]
INFO: [ app_begin ] --END-- [ RunTime:0.000129s ]
INFO: [ action_begin ] --START--
INFO: [ action_begin ] --END-- [ RunTime:0.000045s ]
INFO: [ app_end ] --START--
INFO: Run Behavior\ShowPageTrace [ RunTime:0.000047s ]
INFO: [ app_end ] --END-- [ RunTime:0.000098s ]

[ 2017-04-11T17:13:23+08:00 ] 127.0.0.1 /ourSecret/shop/index.php?s=/Home/User/login
INFO: [ app_init ] --START--
INFO: [ app_init ] --END-- [ RunTime:0.000314s ]
INFO: [ path_info ] --START--
INFO: [ path_info ] --END-- [ RunTime:0.000030s ]
INFO: [ app_begin ] --START--
INFO: Run Behavior\ReadHtmlCache [ RunTime:0.000058s ]
INFO: [ app_begin ] --END-- [ RunTime:0.000110s ]
INFO: [ action_begin ] --START--
INFO: [ action_begin ] --END-- [ RunTime:0.000034s ]
INFO: [ app_end ] --START--
INFO: Run Behavior\ShowPageTrace [ RunTime:0.000045s ]
INFO: [ app_end ] --END-- [ RunTime:0.000097s ]

[ 2017-04-11T17:13:31+08:00 ] 127.0.0.1 /ourSecret/shop/index.php?s=/Home/User/login
INFO: [ app_init ] --START--
INFO: [ app_init ] --END-- [ RunTime:0.000569s ]
INFO: [ path_info ] --START--
INFO: [ path_info ] --END-- [ RunTime:0.000075s ]
INFO: [ app_begin ] --START--
INFO: Run Behavior\ReadHtmlCache [ RunTime:0.000064s ]
INFO: [ app_begin ] --END-- [ RunTime:0.000124s ]
INFO: [ action_begin ] --START--
INFO: [ action_begin ] --END-- [ RunTime:0.000147s ]
INFO: [ app_end ] --START--
INFO: Run Behavior\ShowPageTrace [ RunTime:0.000046s ]
INFO: [ app_end ] --END-- [ RunTime:0.000097s ]

[ 2017-04-11T17:24:32+08:00 ] 127.0.0.1 /ourSecret/shop/index.php?s=/Home/User/login
INFO: [ app_init ] --START--
INFO: [ app_init ] --END-- [ RunTime:0.000527s ]
INFO: [ path_info ] --START--
INFO: [ path_info ] --END-- [ RunTime:0.000066s ]
INFO: [ app_begin ] --START--
INFO: Run Behavior\ReadHtmlCache [ RunTime:0.000057s ]
INFO: [ app_begin ] --END-- [ RunTime:0.000112s ]
INFO: [ action_begin ] --START--
INFO: [ action_begin ] --END-- [ RunTime:0.000088s ]
INFO: [ app_end ] --START--
INFO: Run Behavior\ShowPageTrace [ RunTime:0.000046s ]
INFO: [ app_end ] --END-- [ RunTime:0.000099s ]

